Using pre-set license
Built from '2020.2/staging' branch; Version is '2020.2.7f1 (c53830e277f1) revision 12924976'; Using compiler version '192528614'; Build Type 'Release'
OS: 'Windows 10 Pro; OS build 18363.1440; Version 1909; 64bit' Language: 'ru' Physical Memory: 16249 MB
BatchMode: 1, IsHumanControllingUs: 0, StartBugReporterOnCrash: 0, Is64bit: 1, IsPro: 0

 COMMAND LINE ARGUMENTS:
C:\Program Files\Unity\Hub\Editor\2020.2.7f1\Editor\Unity.exe
-adb2
-batchMode
-noUpm
-name
AssetImportWorker0
-projectPath
C:/Users/Любовь/Desktop/Roll a ball_1
-logFile
Logs/AssetImportWorker0.log
-srvPort
60541
Successfully changed project path to: C:/Users/Любовь/Desktop/Roll a ball_1
C:/Users/Любовь/Desktop/Roll a ball_1
Using Asset Import Pipeline V2.
Refreshing native plugins compatible for Editor in 29.20 ms, found 0 plugins.
Preloading 0 native plugins for Editor in 0.00 ms.
Initialize engine version: 2020.2.7f1 (c53830e277f1)
[Subsystems] Discovering subsystems at path C:/Program Files/Unity/Hub/Editor/2020.2.7f1/Editor/Data/Resources/UnitySubsystems
[Subsystems] Discovering subsystems at path C:/Users/Любовь/Desktop/Roll a ball_1/Assets
GfxDevice: creating device client; threaded=0
Direct3D:
    Version:  Direct3D 11.0 [level 11.1]
    Renderer: NVIDIA GeForce GTX 950 (ID=0x1402)
    Vendor:   
    VRAM:     2007 MB
    Driver:   27.21.14.6172
Initialize mono
Mono path[0] = 'C:/Program Files/Unity/Hub/Editor/2020.2.7f1/Editor/Data/Managed'
Mono path[1] = 'C:/Program Files/Unity/Hub/Editor/2020.2.7f1/Editor/Data/MonoBleedingEdge/lib/mono/unityjit'
Mono config path = 'C:/Program Files/Unity/Hub/Editor/2020.2.7f1/Editor/Data/MonoBleedingEdge/etc'
Using monoOptions --debugger-agent=transport=dt_socket,embedding=1,server=y,suspend=n,address=127.0.0.1:56764
Begin MonoManager ReloadAssembly
Registering precompiled unity dll's ...
Register platform support module: C:/Program Files/Unity/Hub/Editor/2020.2.7f1/Editor/Data/PlaybackEngines/WindowsStandaloneSupport/UnityEditor.WindowsStandalone.Extensions.dll
Registered in 0.001667 seconds.
Native extension for WindowsStandalone target not found
Refreshing native plugins compatible for Editor in 37.03 ms, found 0 plugins.
Preloading 0 native plugins for Editor in 0.00 ms.
Invoked RoslynAnalysisRunner static constructor.
RoslynAnalysisRunner will not be running.
RoslynAnalysisRunner has terminated.
Mono: successfully reloaded assembly
- Completed reload, in  3.094 seconds
Platform modules already initialized, skipping
Registering precompiled user dll's ...
Registered in 0.001298 seconds.
Begin MonoManager ReloadAssembly
Native extension for WindowsStandalone target not found
Refreshing native plugins compatible for Editor in 0.27 ms, found 0 plugins.
Preloading 0 native plugins for Editor in 0.00 ms.
Invoked RoslynAnalysisRunner static constructor.
RoslynAnalysisRunner will not be running.
RoslynAnalysisRunner has terminated.
Mono: successfully reloaded assembly
- Completed reload, in  1.092 seconds
Platform modules already initialized, skipping
========================================================================
Worker process is ready to serve import requests
Launched and connected shader compiler UnityShaderCompiler.exe after 0.06 seconds
Refreshing native plugins compatible for Editor in 0.25 ms, found 0 plugins.
Preloading 0 native plugins for Editor in 0.00 ms.
Unloading 1148 Unused Serialized files (Serialized files now loaded: 0)
System memory in use before: 57.8 MB.
System memory in use after: 57.9 MB.

Unloading 9 unused Assets to reduce memory usage. Loaded Objects now: 1592.
Total: 5.459700 ms (FindLiveObjects: 0.477200 ms CreateObjectMapping: 0.425300 ms MarkObjects: 4.335600 ms  DeleteObjects: 0.218000 ms)

========================================================================
Received Import Request.
  path: Assets/dataSave/data.bat
  artifactKey: Guid(e51bd5972d65fe54996a01cb187defac) Importer(815301076,1909f56bfc062723c751e8b465ee728b)
Start importing Assets/dataSave/data.bat using Guid(e51bd5972d65fe54996a01cb187defac) Importer(815301076,1909f56bfc062723c751e8b465ee728b)  -> (artifact id: 'd460c0da7841294b63a8021b03c0fe39') in 0.047253 seconds
  Import took 0.050517 seconds .

========================================================================
Received Prepare
Registering precompiled user dll's ...
Registered in 0.001055 seconds.
Begin MonoManager ReloadAssembly
Native extension for WindowsStandalone target not found
Refreshing native plugins compatible for Editor in 0.64 ms, found 0 plugins.
Preloading 0 native plugins for Editor in 0.00 ms.
Invoked RoslynAnalysisRunner static constructor.
RoslynAnalysisRunner will not be running.
RoslynAnalysisRunner has terminated.
Mono: successfully reloaded assembly
- Completed reload, in  1.139 seconds
Platform modules already initialized, skipping
Refreshing native plugins compatible for Editor in 0.26 ms, found 0 plugins.
Preloading 0 native plugins for Editor in 0.00 ms.
Unloading 1143 Unused Serialized files (Serialized files now loaded: 0)
System memory in use before: 57.8 MB.
System memory in use after: 57.9 MB.

Unloading 4 unused Assets to reduce memory usage. Loaded Objects now: 1595.
Total: 3.774900 ms (FindLiveObjects: 0.359300 ms CreateObjectMapping: 0.533100 ms MarkObjects: 2.855900 ms  DeleteObjects: 0.023500 ms)

========================================================================
Received Prepare
Registering precompiled user dll's ...
Registered in 0.003001 seconds.
Begin MonoManager ReloadAssembly
Native extension for WindowsStandalone target not found
Refreshing native plugins compatible for Editor in 0.29 ms, found 0 plugins.
Preloading 0 native plugins for Editor in 0.00 ms.
Invoked RoslynAnalysisRunner static constructor.
RoslynAnalysisRunner will not be running.
RoslynAnalysisRunner has terminated.
Mono: successfully reloaded assembly
- Completed reload, in  1.166 seconds
Platform modules already initialized, skipping
Refreshing native plugins compatible for Editor in 0.26 ms, found 0 plugins.
Preloading 0 native plugins for Editor in 0.00 ms.
Unloading 1143 Unused Serialized files (Serialized files now loaded: 0)
System memory in use before: 57.8 MB.
System memory in use after: 57.9 MB.

Unloading 4 unused Assets to reduce memory usage. Loaded Objects now: 1598.
Total: 1.626300 ms (FindLiveObjects: 0.130600 ms CreateObjectMapping: 0.035800 ms MarkObjects: 1.448000 ms  DeleteObjects: 0.011000 ms)

========================================================================
Received Import Request.
  Time since last request: 160.729338 seconds.
  path: Assets/dataSave/data.bat
  artifactKey: Guid(e51bd5972d65fe54996a01cb187defac) Importer(815301076,1909f56bfc062723c751e8b465ee728b)
Start importing Assets/dataSave/data.bat using Guid(e51bd5972d65fe54996a01cb187defac) Importer(815301076,1909f56bfc062723c751e8b465ee728b)  -> (artifact id: 'bd5628ae183edf332760576802eb9910') in 0.016446 seconds
  Import took 0.019584 seconds .

========================================================================
Received Prepare
Registering precompiled user dll's ...
Registered in 0.001047 seconds.
Begin MonoManager ReloadAssembly
Native extension for WindowsStandalone target not found
Refreshing native plugins compatible for Editor in 0.27 ms, found 0 plugins.
Preloading 0 native plugins for Editor in 0.00 ms.
Invoked RoslynAnalysisRunner static constructor.
RoslynAnalysisRunner will not be running.
RoslynAnalysisRunner has terminated.
Mono: successfully reloaded assembly
- Completed reload, in  1.085 seconds
Platform modules already initialized, skipping
Refreshing native plugins compatible for Editor in 0.24 ms, found 0 plugins.
Preloading 0 native plugins for Editor in 0.00 ms.
Unloading 1143 Unused Serialized files (Serialized files now loaded: 0)
System memory in use before: 57.8 MB.
System memory in use after: 57.9 MB.

Unloading 4 unused Assets to reduce memory usage. Loaded Objects now: 1601.
Total: 2.387000 ms (FindLiveObjects: 0.197800 ms CreateObjectMapping: 0.082800 ms MarkObjects: 2.078200 ms  DeleteObjects: 0.026700 ms)

========================================================================
Received Prepare
Registering precompiled user dll's ...
Registered in 0.001104 seconds.
Begin MonoManager ReloadAssembly
Native extension for WindowsStandalone target not found
Refreshing native plugins compatible for Editor in 0.47 ms, found 0 plugins.
Preloading 0 native plugins for Editor in 0.00 ms.
Invoked RoslynAnalysisRunner static constructor.
RoslynAnalysisRunner will not be running.
RoslynAnalysisRunner has terminated.
Mono: successfully reloaded assembly
- Completed reload, in  1.072 seconds
Platform modules already initialized, skipping
Refreshing native plugins compatible for Editor in 0.32 ms, found 0 plugins.
Preloading 0 native plugins for Editor in 0.00 ms.
Unloading 1142 Unused Serialized files (Serialized files now loaded: 0)
System memory in use before: 57.8 MB.
System memory in use after: 57.9 MB.

Unloading 4 unused Assets to reduce memory usage. Loaded Objects now: 1604.
Total: 3.273600 ms (FindLiveObjects: 0.382200 ms CreateObjectMapping: 0.172300 ms MarkObjects: 2.695200 ms  DeleteObjects: 0.020600 ms)

========================================================================
Received Prepare
Registering precompiled user dll's ...
Registered in 0.000700 seconds.
Begin MonoManager ReloadAssembly
Native extension for WindowsStandalone target not found
Refreshing native plugins compatible for Editor in 0.41 ms, found 0 plugins.
Preloading 0 native plugins for Editor in 0.00 ms.
Invoked RoslynAnalysisRunner static constructor.
RoslynAnalysisRunner will not be running.
RoslynAnalysisRunner has terminated.
Mono: successfully reloaded assembly
- Completed reload, in  1.030 seconds
Platform modules already initialized, skipping
Refreshing native plugins compatible for Editor in 0.51 ms, found 0 plugins.
Preloading 0 native plugins for Editor in 0.00 ms.
Unloading 1141 Unused Serialized files (Serialized files now loaded: 0)
System memory in use before: 57.8 MB.
System memory in use after: 57.9 MB.

Unloading 4 unused Assets to reduce memory usage. Loaded Objects now: 1607.
Total: 2.297200 ms (FindLiveObjects: 0.278800 ms CreateObjectMapping: 0.123000 ms MarkObjects: 1.865100 ms  DeleteObjects: 0.029000 ms)

========================================================================
Received Prepare
Registering precompiled user dll's ...
Registered in 0.001952 seconds.
Begin MonoManager ReloadAssembly
Native extension for WindowsStandalone target not found
Refreshing native plugins compatible for Editor in 0.37 ms, found 0 plugins.
Preloading 0 native plugins for Editor in 0.00 ms.
Invoked RoslynAnalysisRunner static constructor.
RoslynAnalysisRunner will not be running.
RoslynAnalysisRunner has terminated.
Mono: successfully reloaded assembly
- Completed reload, in  1.201 seconds
Platform modules already initialized, skipping
Refreshing native plugins compatible for Editor in 0.24 ms, found 0 plugins.
Preloading 0 native plugins for Editor in 0.00 ms.
Unloading 1141 Unused Serialized files (Serialized files now loaded: 0)
System memory in use before: 57.8 MB.
System memory in use after: 57.9 MB.

Unloading 4 unused Assets to reduce memory usage. Loaded Objects now: 1610.
Total: 2.800000 ms (FindLiveObjects: 0.214900 ms CreateObjectMapping: 0.104100 ms MarkObjects: 2.450400 ms  DeleteObjects: 0.028300 ms)

========================================================================
Received Import Request.
  Time since last request: 296.425923 seconds.
  path: Assets/dataSave/data.bat
  artifactKey: Guid(e51bd5972d65fe54996a01cb187defac) Importer(815301076,1909f56bfc062723c751e8b465ee728b)
Start importing Assets/dataSave/data.bat using Guid(e51bd5972d65fe54996a01cb187defac) Importer(815301076,1909f56bfc062723c751e8b465ee728b)  -> (artifact id: '9d316e4be9e66124f72e4818300c1bd2') in 0.014608 seconds
  Import took 0.019377 seconds .

========================================================================
Received Prepare
Registering precompiled user dll's ...
Registered in 0.002392 seconds.
Begin MonoManager ReloadAssembly
Native extension for WindowsStandalone target not found
Refreshing native plugins compatible for Editor in 0.34 ms, found 0 plugins.
Preloading 0 native plugins for Editor in 0.00 ms.
Invoked RoslynAnalysisRunner static constructor.
RoslynAnalysisRunner will not be running.
RoslynAnalysisRunner has terminated.
Mono: successfully reloaded assembly
- Completed reload, in  1.022 seconds
Platform modules already initialized, skipping
Refreshing native plugins compatible for Editor in 0.25 ms, found 0 plugins.
Preloading 0 native plugins for Editor in 0.00 ms.
Unloading 1141 Unused Serialized files (Serialized files now loaded: 0)
System memory in use before: 57.8 MB.
System memory in use after: 57.9 MB.

Unloading 4 unused Assets to reduce memory usage. Loaded Objects now: 1613.
Total: 3.141600 ms (FindLiveObjects: 0.375800 ms CreateObjectMapping: 0.055300 ms MarkObjects: 2.689600 ms  DeleteObjects: 0.017800 ms)

========================================================================
Received Prepare
Registering precompiled user dll's ...
Registered in 0.000929 seconds.
Begin MonoManager ReloadAssembly
Native extension for WindowsStandalone target not found
Refreshing native plugins compatible for Editor in 0.80 ms, found 0 plugins.
Preloading 0 native plugins for Editor in 0.00 ms.
Invoked RoslynAnalysisRunner static constructor.
RoslynAnalysisRunner will not be running.
RoslynAnalysisRunner has terminated.
Mono: successfully reloaded assembly
- Completed reload, in  1.204 seconds
Platform modules already initialized, skipping
Refreshing native plugins compatible for Editor in 0.42 ms, found 0 plugins.
Preloading 0 native plugins for Editor in 0.00 ms.
Unloading 1141 Unused Serialized files (Serialized files now loaded: 0)
System memory in use before: 57.8 MB.
System memory in use after: 57.9 MB.

Unloading 4 unused Assets to reduce memory usage. Loaded Objects now: 1616.
Total: 4.104400 ms (FindLiveObjects: 0.529500 ms CreateObjectMapping: 0.271200 ms MarkObjects: 3.268700 ms  DeleteObjects: 0.032600 ms)

========================================================================
Received Import Request.
  Time since last request: 169.807067 seconds.
  path: Assets/dataSave/data.bat
  artifactKey: Guid(e51bd5972d65fe54996a01cb187defac) Importer(815301076,1909f56bfc062723c751e8b465ee728b)
Start importing Assets/dataSave/data.bat using Guid(e51bd5972d65fe54996a01cb187defac) Importer(815301076,1909f56bfc062723c751e8b465ee728b)  -> (artifact id: 'b30a7f688bb395b93b52277c70555531') in 0.017722 seconds
  Import took 0.021554 seconds .

========================================================================
Received Import Request.
  Time since last request: 1.846804 seconds.
  path: Assets/dataSave/data.bat
  artifactKey: Guid(e51bd5972d65fe54996a01cb187defac) Importer(815301076,1909f56bfc062723c751e8b465ee728b)
Start importing Assets/dataSave/data.bat using Guid(e51bd5972d65fe54996a01cb187defac) Importer(815301076,1909f56bfc062723c751e8b465ee728b)  -> (artifact id: 'b30a7f688bb395b93b52277c70555531') in 0.008895 seconds
  Import took 0.011743 seconds .

========================================================================
Received Prepare
Registering precompiled user dll's ...
Registered in 0.001126 seconds.
Begin MonoManager ReloadAssembly
Native extension for WindowsStandalone target not found
Refreshing native plugins compatible for Editor in 0.24 ms, found 0 plugins.
Preloading 0 native plugins for Editor in 0.00 ms.
Invoked RoslynAnalysisRunner static constructor.
RoslynAnalysisRunner will not be running.
RoslynAnalysisRunner has terminated.
Mono: successfully reloaded assembly
- Completed reload, in  1.150 seconds
Platform modules already initialized, skipping
Refreshing native plugins compatible for Editor in 0.27 ms, found 0 plugins.
Preloading 0 native plugins for Editor in 0.00 ms.
Unloading 1141 Unused Serialized files (Serialized files now loaded: 0)
System memory in use before: 57.8 MB.
System memory in use after: 57.9 MB.

Unloading 4 unused Assets to reduce memory usage. Loaded Objects now: 1619.
Total: 2.117200 ms (FindLiveObjects: 0.288300 ms CreateObjectMapping: 0.127100 ms MarkObjects: 1.687400 ms  DeleteObjects: 0.013100 ms)

========================================================================
Received Import Request.
  Time since last request: 162.976090 seconds.
  path: Assets/dataSave/data.bat
  artifactKey: Guid(e51bd5972d65fe54996a01cb187defac) Importer(815301076,1909f56bfc062723c751e8b465ee728b)
Start importing Assets/dataSave/data.bat using Guid(e51bd5972d65fe54996a01cb187defac) Importer(815301076,1909f56bfc062723c751e8b465ee728b)  -> (artifact id: 'c4774e5230f0592f9efe30d57108ffff') in 0.017150 seconds
  Import took 0.021716 seconds .

========================================================================
Received Import Request.
  Time since last request: 1.829271 seconds.
  path: Assets/dataSave/data.bat
  artifactKey: Guid(e51bd5972d65fe54996a01cb187defac) Importer(815301076,1909f56bfc062723c751e8b465ee728b)
Start importing Assets/dataSave/data.bat using Guid(e51bd5972d65fe54996a01cb187defac) Importer(815301076,1909f56bfc062723c751e8b465ee728b)  -> (artifact id: 'c4774e5230f0592f9efe30d57108ffff') in 0.003623 seconds
  Import took 0.006216 seconds .

========================================================================
Received Prepare
Registering precompiled user dll's ...
Registered in 0.001021 seconds.
Begin MonoManager ReloadAssembly
Native extension for WindowsStandalone target not found
Refreshing native plugins compatible for Editor in 0.41 ms, found 0 plugins.
Preloading 0 native plugins for Editor in 0.00 ms.
Invoked RoslynAnalysisRunner static constructor.
RoslynAnalysisRunner will not be running.
RoslynAnalysisRunner has terminated.
Mono: successfully reloaded assembly
- Completed reload, in  1.112 seconds
Platform modules already initialized, skipping
Refreshing native plugins compatible for Editor in 0.24 ms, found 0 plugins.
Preloading 0 native plugins for Editor in 0.00 ms.
Unloading 1141 Unused Serialized files (Serialized files now loaded: 0)
System memory in use before: 57.9 MB.
System memory in use after: 58.0 MB.

Unloading 4 unused Assets to reduce memory usage. Loaded Objects now: 1622.
Total: 5.004100 ms (FindLiveObjects: 0.845900 ms CreateObjectMapping: 0.241500 ms MarkObjects: 3.850200 ms  DeleteObjects: 0.061400 ms)

========================================================================
Received Import Request.
  Time since last request: 6.096096 seconds.
  path: Assets/dataSave/data.bat
  artifactKey: Guid(e51bd5972d65fe54996a01cb187defac) Importer(815301076,1909f56bfc062723c751e8b465ee728b)
Start importing Assets/dataSave/data.bat using Guid(e51bd5972d65fe54996a01cb187defac) Importer(815301076,1909f56bfc062723c751e8b465ee728b)  -> (artifact id: '508465f9c96d785dfff10ac77e7e4507') in 0.024157 seconds
  Import took 0.028116 seconds .

========================================================================
Received Prepare
Registering precompiled user dll's ...
Registered in 0.000807 seconds.
Begin MonoManager ReloadAssembly
Native extension for WindowsStandalone target not found
Refreshing native plugins compatible for Editor in 0.36 ms, found 0 plugins.
Preloading 0 native plugins for Editor in 0.00 ms.
Invoked RoslynAnalysisRunner static constructor.
RoslynAnalysisRunner will not be running.
RoslynAnalysisRunner has terminated.
Mono: successfully reloaded assembly
- Completed reload, in  1.153 seconds
Platform modules already initialized, skipping
Refreshing native plugins compatible for Editor in 0.44 ms, found 0 plugins.
Preloading 0 native plugins for Editor in 0.00 ms.
Unloading 1141 Unused Serialized files (Serialized files now loaded: 0)
System memory in use before: 57.9 MB.
System memory in use after: 58.0 MB.

Unloading 4 unused Assets to reduce memory usage. Loaded Objects now: 1625.
Total: 2.165400 ms (FindLiveObjects: 0.261700 ms CreateObjectMapping: 0.144500 ms MarkObjects: 1.742800 ms  DeleteObjects: 0.015100 ms)

========================================================================
Received Prepare
Registering precompiled user dll's ...
Registered in 0.002455 seconds.
Begin MonoManager ReloadAssembly
Native extension for WindowsStandalone target not found
Refreshing native plugins compatible for Editor in 0.26 ms, found 0 plugins.
Preloading 0 native plugins for Editor in 0.00 ms.
Invoked RoslynAnalysisRunner static constructor.
RoslynAnalysisRunner will not be running.
RoslynAnalysisRunner has terminated.
Mono: successfully reloaded assembly
- Completed reload, in  1.279 seconds
Platform modules already initialized, skipping
Refreshing native plugins compatible for Editor in 0.39 ms, found 0 plugins.
Preloading 0 native plugins for Editor in 0.00 ms.
Unloading 1141 Unused Serialized files (Serialized files now loaded: 0)
System memory in use before: 57.9 MB.
System memory in use after: 58.0 MB.

Unloading 4 unused Assets to reduce memory usage. Loaded Objects now: 1628.
Total: 3.417600 ms (FindLiveObjects: 0.405200 ms CreateObjectMapping: 0.190700 ms MarkObjects: 2.789600 ms  DeleteObjects: 0.029800 ms)

========================================================================
Received Import Request.
  Time since last request: 93.794259 seconds.
  path: Assets/dataSave/data.bat
  artifactKey: Guid(e51bd5972d65fe54996a01cb187defac) Importer(815301076,1909f56bfc062723c751e8b465ee728b)
Start importing Assets/dataSave/data.bat using Guid(e51bd5972d65fe54996a01cb187defac) Importer(815301076,1909f56bfc062723c751e8b465ee728b)  -> (artifact id: 'eea80370f0fdf92a2ab656c067a721bd') in 0.013197 seconds
  Import took 0.015421 seconds .

========================================================================
Received Prepare
Registering precompiled user dll's ...
Registered in 0.000882 seconds.
Begin MonoManager ReloadAssembly
Native extension for WindowsStandalone target not found
Refreshing native plugins compatible for Editor in 0.62 ms, found 0 plugins.
Preloading 0 native plugins for Editor in 0.00 ms.
Invoked RoslynAnalysisRunner static constructor.
RoslynAnalysisRunner will not be running.
RoslynAnalysisRunner has terminated.
Mono: successfully reloaded assembly
- Completed reload, in  1.198 seconds
Platform modules already initialized, skipping
Refreshing native plugins compatible for Editor in 0.45 ms, found 0 plugins.
Preloading 0 native plugins for Editor in 0.00 ms.
Unloading 1142 Unused Serialized files (Serialized files now loaded: 0)
System memory in use before: 57.9 MB.
System memory in use after: 58.0 MB.

Unloading 4 unused Assets to reduce memory usage. Loaded Objects now: 1632.
Total: 2.489100 ms (FindLiveObjects: 0.224000 ms CreateObjectMapping: 0.116000 ms MarkObjects: 2.113800 ms  DeleteObjects: 0.033600 ms)

========================================================================
Received Prepare
Registering precompiled user dll's ...
Registered in 0.001253 seconds.
Begin MonoManager ReloadAssembly
Native extension for WindowsStandalone target not found
Refreshing native plugins compatible for Editor in 0.48 ms, found 0 plugins.
Preloading 0 native plugins for Editor in 0.00 ms.
Invoked RoslynAnalysisRunner static constructor.
RoslynAnalysisRunner will not be running.
RoslynAnalysisRunner has terminated.
Mono: successfully reloaded assembly
- Completed reload, in  1.135 seconds
Platform modules already initialized, skipping
Refreshing native plugins compatible for Editor in 0.27 ms, found 0 plugins.
Preloading 0 native plugins for Editor in 0.00 ms.
Unloading 1143 Unused Serialized files (Serialized files now loaded: 0)
System memory in use before: 57.9 MB.
System memory in use after: 58.0 MB.

Unloading 4 unused Assets to reduce memory usage. Loaded Objects now: 1636.
Total: 1.809800 ms (FindLiveObjects: 0.165500 ms CreateObjectMapping: 0.070100 ms MarkObjects: 1.552800 ms  DeleteObjects: 0.020000 ms)

========================================================================
Received Prepare
Registering precompiled user dll's ...
Registered in 0.000648 seconds.
Begin MonoManager ReloadAssembly
Native extension for WindowsStandalone target not found
Refreshing native plugins compatible for Editor in 0.31 ms, found 0 plugins.
Preloading 0 native plugins for Editor in 0.00 ms.
Invoked RoslynAnalysisRunner static constructor.
RoslynAnalysisRunner will not be running.
RoslynAnalysisRunner has terminated.
Mono: successfully reloaded assembly
- Completed reload, in  1.061 seconds
Platform modules already initialized, skipping
Refreshing native plugins compatible for Editor in 0.37 ms, found 0 plugins.
Preloading 0 native plugins for Editor in 0.00 ms.
Unloading 1144 Unused Serialized files (Serialized files now loaded: 0)
System memory in use before: 58.0 MB.
System memory in use after: 58.0 MB.

Unloading 4 unused Assets to reduce memory usage. Loaded Objects now: 1640.
Total: 2.457900 ms (FindLiveObjects: 0.272800 ms CreateObjectMapping: 0.148600 ms MarkObjects: 2.017700 ms  DeleteObjects: 0.017200 ms)

========================================================================
Received Prepare
Registering precompiled user dll's ...
Registered in 0.001756 seconds.
Begin MonoManager ReloadAssembly
Native extension for WindowsStandalone target not found
Refreshing native plugins compatible for Editor in 0.36 ms, found 0 plugins.
Preloading 0 native plugins for Editor in 0.00 ms.
Invoked RoslynAnalysisRunner static constructor.
RoslynAnalysisRunner will not be running.
RoslynAnalysisRunner has terminated.
Mono: successfully reloaded assembly
- Completed reload, in  1.089 seconds
Platform modules already initialized, skipping
Refreshing native plugins compatible for Editor in 0.78 ms, found 0 plugins.
Preloading 0 native plugins for Editor in 0.00 ms.
Unloading 1145 Unused Serialized files (Serialized files now loaded: 0)
System memory in use before: 58.0 MB.
System memory in use after: 58.1 MB.

Unloading 4 unused Assets to reduce memory usage. Loaded Objects now: 1644.
Total: 2.509100 ms (FindLiveObjects: 0.228300 ms CreateObjectMapping: 0.049800 ms MarkObjects: 2.197100 ms  DeleteObjects: 0.031300 ms)

========================================================================
Received Prepare
Registering precompiled user dll's ...
Registered in 0.000892 seconds.
Begin MonoManager ReloadAssembly
Native extension for WindowsStandalone target not found
Refreshing native plugins compatible for Editor in 0.24 ms, found 0 plugins.
Preloading 0 native plugins for Editor in 0.00 ms.
Invoked RoslynAnalysisRunner static constructor.
RoslynAnalysisRunner will not be running.
RoslynAnalysisRunner has terminated.
Mono: successfully reloaded assembly
- Completed reload, in  1.391 seconds
Platform modules already initialized, skipping
Refreshing native plugins compatible for Editor in 0.28 ms, found 0 plugins.
Preloading 0 native plugins for Editor in 0.00 ms.
Unloading 1146 Unused Serialized files (Serialized files now loaded: 0)
System memory in use before: 58.0 MB.
System memory in use after: 58.1 MB.

Unloading 4 unused Assets to reduce memory usage. Loaded Objects now: 1648.
Total: 1.727000 ms (FindLiveObjects: 0.165600 ms CreateObjectMapping: 0.070200 ms MarkObjects: 1.476900 ms  DeleteObjects: 0.012900 ms)

========================================================================
Received Prepare
Registering precompiled user dll's ...
Registered in 0.001128 seconds.
Begin MonoManager ReloadAssembly
Native extension for WindowsStandalone target not found
Refreshing native plugins compatible for Editor in 0.28 ms, found 0 plugins.
Preloading 0 native plugins for Editor in 0.00 ms.
Invoked RoslynAnalysisRunner static constructor.
RoslynAnalysisRunner will not be running.
RoslynAnalysisRunner has terminated.
Mono: successfully reloaded assembly
- Completed reload, in  1.114 seconds
Platform modules already initialized, skipping
Refreshing native plugins compatible for Editor in 0.41 ms, found 0 plugins.
Preloading 0 native plugins for Editor in 0.00 ms.
Unloading 1147 Unused Serialized files (Serialized files now loaded: 0)
System memory in use before: 58.0 MB.
System memory in use after: 58.1 MB.

Unloading 4 unused Assets to reduce memory usage. Loaded Objects now: 1652.
Total: 2.161700 ms (FindLiveObjects: 0.221500 ms CreateObjectMapping: 0.095500 ms MarkObjects: 1.827300 ms  DeleteObjects: 0.016400 ms)

========================================================================
Received Import Request.
  Time since last request: 1367.582120 seconds.
  path: Assets/Resources/MiniMap/MiniMapTexture.renderTexture
  artifactKey: Guid(e8bb1662b04ea2a44a18bf6d6a28d44e) Importer(815301076,1909f56bfc062723c751e8b465ee728b)
Start importing Assets/Resources/MiniMap/MiniMapTexture.renderTexture using Guid(e8bb1662b04ea2a44a18bf6d6a28d44e) Importer(815301076,1909f56bfc062723c751e8b465ee728b)  -> (artifact id: 'be894f61342090ce45c978f21c37990b') in 0.122960 seconds
  Import took 0.127247 seconds .

========================================================================
Received Import Request.
  Time since last request: 0.000233 seconds.
  path: Assets/Resources/MiniMap/RadarObject.prefab
  artifactKey: Guid(b2e751fc8ff0e5a40be7e20a0260c4cb) Importer(815301076,1909f56bfc062723c751e8b465ee728b)
Start importing Assets/Resources/MiniMap/RadarObject.prefab using Guid(b2e751fc8ff0e5a40be7e20a0260c4cb) Importer(815301076,1909f56bfc062723c751e8b465ee728b)  -> (artifact id: '61224af44c0e7499064c6a6f26cb12b0') in 0.036391 seconds
  Import took 0.040846 seconds .

========================================================================
Received Import Request.
  Time since last request: 2.878905 seconds.
  path: Assets/Resources/MiniMap
  artifactKey: Guid(26aabdd03310ee14297cb7278a4bc444) Importer(815301076,1909f56bfc062723c751e8b465ee728b)
Start importing Assets/Resources/MiniMap using Guid(26aabdd03310ee14297cb7278a4bc444) Importer(815301076,1909f56bfc062723c751e8b465ee728b)  -> (artifact id: '7e80e1df0281051325b7b015d7895b1d') in 0.015809 seconds
  Import took 0.018557 seconds .

========================================================================
Received Import Request.
  Time since last request: 105.337282 seconds.
  path: Assets/Scripts/MiniMap/MiniMap.cs
  artifactKey: Guid(37a5f2543d67df64aa03bda04372507d) Importer(815301076,1909f56bfc062723c751e8b465ee728b)
Start importing Assets/Scripts/MiniMap/MiniMap.cs using Guid(37a5f2543d67df64aa03bda04372507d) Importer(815301076,1909f56bfc062723c751e8b465ee728b)  -> (artifact id: '4e1ddfaa06015e63f9b1419b744e028c') in 0.011083 seconds
  Import took 0.013529 seconds .

========================================================================
Received Import Request.
  Time since last request: 0.008765 seconds.
  path: Assets/Scripts/MiniMap/MiniMap.cs
  artifactKey: Guid(37a5f2543d67df64aa03bda04372507d) Importer(815301076,1909f56bfc062723c751e8b465ee728b)
Start importing Assets/Scripts/MiniMap/MiniMap.cs using Guid(37a5f2543d67df64aa03bda04372507d) Importer(815301076,1909f56bfc062723c751e8b465ee728b)  -> (artifact id: '4e1ddfaa06015e63f9b1419b744e028c') in 0.005362 seconds
  Import took 0.008889 seconds .

========================================================================
Received Import Request.
  Time since last request: 104.035888 seconds.
  path: Assets/Resources/UI/Bonuse.prefab
  artifactKey: Guid(cef0db5ff8a391642876a8ad49546436) Importer(815301076,1909f56bfc062723c751e8b465ee728b)
Start importing Assets/Resources/UI/Bonuse.prefab using Guid(cef0db5ff8a391642876a8ad49546436) Importer(815301076,1909f56bfc062723c751e8b465ee728b)  -> (artifact id: 'a17a18c48e0260a11da9940e2e1f7e35') in 0.037308 seconds
  Import took 0.041625 seconds .

========================================================================
Received Import Request.
  Time since last request: 0.000247 seconds.
  path: Assets/Resources/UI/EndGame.prefab
  artifactKey: Guid(2a7ac7cc9f05af3409689aa4b4ce321e) Importer(815301076,1909f56bfc062723c751e8b465ee728b)
Start importing Assets/Resources/UI/EndGame.prefab using Guid(2a7ac7cc9f05af3409689aa4b4ce321e) Importer(815301076,1909f56bfc062723c751e8b465ee728b)  -> (artifact id: '5cd38b7e276d69e72633c5e98c2bbe8e') in 0.015711 seconds
  Import took 0.020173 seconds .

========================================================================
Received Import Request.
  Time since last request: 0.000191 seconds.
  path: Assets/Resources/UI/RestartButton.prefab
  artifactKey: Guid(007c6f5b12db76343a279f37082dbcac) Importer(815301076,1909f56bfc062723c751e8b465ee728b)
Start importing Assets/Resources/UI/RestartButton.prefab using Guid(007c6f5b12db76343a279f37082dbcac) Importer(815301076,1909f56bfc062723c751e8b465ee728b)  -> (artifact id: '192766beb5d2003fe7be4b327df0d29f') in 0.027576 seconds
  Import took 0.031158 seconds .

========================================================================
Received Prepare
Registering precompiled user dll's ...
Registered in 0.000735 seconds.
Begin MonoManager ReloadAssembly
Native extension for WindowsStandalone target not found
Refreshing native plugins compatible for Editor in 0.41 ms, found 0 plugins.
Preloading 0 native plugins for Editor in 0.00 ms.
Invoked RoslynAnalysisRunner static constructor.
RoslynAnalysisRunner will not be running.
RoslynAnalysisRunner has terminated.
Mono: successfully reloaded assembly
- Completed reload, in  1.078 seconds
Platform modules already initialized, skipping
Refreshing native plugins compatible for Editor in 0.26 ms, found 0 plugins.
Preloading 0 native plugins for Editor in 0.00 ms.
Unloading 1147 Unused Serialized files (Serialized files now loaded: 0)
System memory in use before: 61.2 MB.
System memory in use after: 61.3 MB.

Unloading 5 unused Assets to reduce memory usage. Loaded Objects now: 1662.
Total: 4.716500 ms (FindLiveObjects: 0.564100 ms CreateObjectMapping: 0.495100 ms MarkObjects: 3.614900 ms  DeleteObjects: 0.039500 ms)

========================================================================
Received Prepare
Registering precompiled user dll's ...
Registered in 0.001065 seconds.
Begin MonoManager ReloadAssembly
Native extension for WindowsStandalone target not found
Refreshing native plugins compatible for Editor in 0.70 ms, found 0 plugins.
Preloading 0 native plugins for Editor in 0.00 ms.
Invoked RoslynAnalysisRunner static constructor.
RoslynAnalysisRunner will not be running.
RoslynAnalysisRunner has terminated.
Mono: successfully reloaded assembly
- Completed reload, in  1.089 seconds
Platform modules already initialized, skipping
Refreshing native plugins compatible for Editor in 0.32 ms, found 0 plugins.
Preloading 0 native plugins for Editor in 0.00 ms.
Unloading 1147 Unused Serialized files (Serialized files now loaded: 0)
System memory in use before: 61.2 MB.
System memory in use after: 61.3 MB.

Unloading 4 unused Assets to reduce memory usage. Loaded Objects now: 1665.
Total: 3.871300 ms (FindLiveObjects: 0.394300 ms CreateObjectMapping: 0.166200 ms MarkObjects: 3.290500 ms  DeleteObjects: 0.017700 ms)

========================================================================
Received Prepare
Registering precompiled user dll's ...
Registered in 0.000968 seconds.
Begin MonoManager ReloadAssembly
Native extension for WindowsStandalone target not found
Refreshing native plugins compatible for Editor in 0.25 ms, found 0 plugins.
Preloading 0 native plugins for Editor in 0.00 ms.
Invoked RoslynAnalysisRunner static constructor.
RoslynAnalysisRunner will not be running.
RoslynAnalysisRunner has terminated.
Mono: successfully reloaded assembly
- Completed reload, in  1.080 seconds
Platform modules already initialized, skipping
Refreshing native plugins compatible for Editor in 0.33 ms, found 0 plugins.
Preloading 0 native plugins for Editor in 0.00 ms.
Unloading 1147 Unused Serialized files (Serialized files now loaded: 0)
System memory in use before: 61.2 MB.
System memory in use after: 61.3 MB.

Unloading 4 unused Assets to reduce memory usage. Loaded Objects now: 1668.
Total: 2.167800 ms (FindLiveObjects: 0.230800 ms CreateObjectMapping: 0.135400 ms MarkObjects: 1.779400 ms  DeleteObjects: 0.020400 ms)

========================================================================
Received Prepare
Registering precompiled user dll's ...
Registered in 0.000812 seconds.
Begin MonoManager ReloadAssembly
Native extension for WindowsStandalone target not found
Refreshing native plugins compatible for Editor in 0.22 ms, found 0 plugins.
Preloading 0 native plugins for Editor in 0.00 ms.
Invoked RoslynAnalysisRunner static constructor.
RoslynAnalysisRunner will not be running.
RoslynAnalysisRunner has terminated.
Mono: successfully reloaded assembly
- Completed reload, in  0.745 seconds
Platform modules already initialized, skipping
Refreshing native plugins compatible for Editor in 0.23 ms, found 0 plugins.
Preloading 0 native plugins for Editor in 0.00 ms.
Unloading 1147 Unused Serialized files (Serialized files now loaded: 0)
System memory in use before: 61.2 MB.
System memory in use after: 61.3 MB.

Unloading 4 unused Assets to reduce memory usage. Loaded Objects now: 1671.
Total: 1.874000 ms (FindLiveObjects: 0.183900 ms CreateObjectMapping: 0.040000 ms MarkObjects: 1.627800 ms  DeleteObjects: 0.021700 ms)

AssetImportWorkerClient::OnTransportError - code=2 error=End of file
